<?xml version="1.0" encoding="UTF-8"?>
<!-- Generated by org.testng.reporters.JUnitReportReporter -->
<testsuite hostname="DESKTOP-08JRONT" failures="0" tests="1" name="locator.ForChromeTest" time="35.971" errors="0" timestamp="2023-10-22T11:29:50 BDT" skipped="0">
  <testcase classname="locator.ForChromeTest" name="chromeTest" time="35.971"/>
  <system-out/>
</testsuite> <!-- locator.ForChromeTest -->
